make all --print-data-base --no-builtin-variables --no-builtin-rules --question
# GNU Make 3.81
# Copyright (C) 2006  Free Software Foundation, Inc.
# This is free software; see the source for copying conditions.
# There is NO warranty; not even for MERCHANTABILITY or FITNESS FOR A
# PARTICULAR PURPOSE.

# This program built for i386-apple-darwin11.3.0

# Make data base, printed on Sun Oct  3 18:18:45 2021

# Variables

# automatic
<D = $(patsubst %/,%,$(dir $<))
# automatic
?F = $(notdir $?)
# environment
ELECTRON_NO_ATTACH_CONSOLE = 1
# environment
VSCODE_LOG_NATIVE = false
# environment
NVM_INC = /Users/andreasbigger/.nvm/versions/node/v14.15.1/include/node
# automatic
?D = $(patsubst %/,%,$(dir $?))
# environment
rvm_path = /Users/andreasbigger/.rvm
# automatic
@D = $(patsubst %/,%,$(dir $@))
# automatic
@F = $(notdir $@)
# makefile
CURDIR := /Users/andreasbigger/Projects/nascent/yobot
# makefile
SHELL = /bin/sh
# environment
VSCODE_NLS_CONFIG = {"locale":"en-us","availableLanguages":{},"_languagePackSupport":true}
# environment
_ = /usr/bin/make
# environment
VSCODE_PID = 60516
# environment
STARSHIP_SESSION_KEY = 1792510022146031
# environment
rvm_ruby_mode = 
# environment
rvm_ruby_make = 
# environment
VSCODE_VERBOSE_LOGGING = true
# environment
__CFBundleIdentifier = co.zeit.hyper
# environment
VSCODE_IPC_HOOK_EXTHOST = /var/folders/93/xhbf32ns6hlg6hc7rn0hvtqw0000gn/T/vscode-ipc-04185f62-9615-41a6-9e6a-5fc58951ab53.sock
# environment
VSCODE_CWD = /Users/andreasbigger/Projects/nascent/yobot
# environment
rvm_pretty_print_flag = 
# environment
PATH = /Users/andreasbigger/.poetry/bin:/Users/andreasbigger/.nvm/versions/node/v14.15.1/bin:/Users/andreasbigger/opt/anaconda3/bin:/Users/andreasbigger/opt/anaconda3/condabin:/Users/andreasbigger/.local/share/solana/install/active_release/bin:/Users/andreasbigger/.composer/vendor/bin:/emulator:/tools:/Users/andreasbigger/.local/share/solana/install/active_release/bin:/usr/local/bin:/usr/bin:/bin:/usr/sbin:/sbin:/Applications/VMware Fusion Tech Preview.app/Contents/Public:/usr/local/go/bin:/Library/Apple/usr/bin:/Applications/Wireshark.app/Contents/MacOS:/Applications/Postgres.app/Contents/Versions/latest/bin:/Users/andreasbigger/.nix-profile/bin:/Users/andreasbigger/.cargo/bin:/Users/andreasbigger/.local/bin:/Users/andreasbigger/.rvm/bin:/Users/andreasbigger/.local/bin
# environment
rvm_niceness = 
# makefile (from `Makefile', line 1)
MAKEFILE_LIST :=  Makefile
# environment
ALACRITTY_LOG = /var/folders/93/xhbf32ns6hlg6hc7rn0hvtqw0000gn/T/Alacritty-1602.log
# environment
NVM_BIN = /Users/andreasbigger/.nvm/versions/node/v14.15.1/bin
# environment
rvm_only_path_flag = 
# environment
LaunchInstanceID = DBE282CB-E03C-4554-9C19-239E46FD584C
# environment
rvm_gemstone_package_file = 
# environment
VSCODE_LOG_STACK = false
# environment
ELECTRON_RUN_AS_NODE = 1
# environment
rvm_alias_expanded = 
# environment
ANDROID_HOME = /Users/andreasbigger/android/sdk
# default
.FEATURES := target-specific order-only second-expansion else-if archives jobserver check-symlink
# environment
SSH_AUTH_SOCK = /private/tmp/com.apple.launchd.UPPAXjkVxH/Listeners
# automatic
%F = $(notdir $%)
# environment
CONDA_EXE = /Users/andreasbigger/opt/anaconda3/bin/conda
# environment
NIX_SSL_CERT_FILE = /Users/andreasbigger/.nix-profile/etc/ssl/certs/ca-bundle.crt
# environment
VSCODE_PIPE_LOGGING = true
# environment
rvm_bin_path = /Users/andreasbigger/.rvm/bin
# environment
PWD = /Users/andreasbigger/projects/nascent/yobot
# environment
rvm_docs_type = 
# environment
rvm_script_name = 
# environment
ORIGINAL_XDG_CURRENT_DESKTOP = undefined
# environment
VSCODE_AMD_ENTRYPOINT = vs/workbench/services/extensions/node/extensionHostProcess
# environment
HOME = /Users/andreasbigger
# default
MAKEFILEPATH := /Applications/Xcode.app/Contents/Developer/Makefiles
# environment
VSCODE_CLI = 1
# environment
VSCODE_CODE_CACHE_PATH = /Users/andreasbigger/Library/Application Support/Code/CachedData/7f6ab5485bbc008386c4386d08766667e155244e
# environment
LOGNAME = andreasbigger
# environment
APPLICATION_INSIGHTS_NO_DIAGNOSTIC_CHANNEL = true
# environment
CONDA_PROMPT_MODIFIER = (base) 
# environment
NVM_CD_FLAGS = -q
# environment
rvm_proxy = 
# environment
VSCODE_HANDLES_UNCAUGHT_ERRORS = true
# automatic
^D = $(patsubst %/,%,$(dir $^))
# environment
rvm_ruby_bits = 
# environment
CONDA_DEFAULT_ENV = base
# environment
XPC_FLAGS = 0x0
# environment
COLORTERM = truecolor
# environment
rvm_ruby_make_install = 
# default
MAKE = $(MAKE_COMMAND)
# default
MAKECMDGOALS := all
# environment
SHLVL = 3
# environment
rvm_quiet_flag = 
# environment
NIX_PATH = /Users/andreasbigger/.nix-defexpr/channels
# environment
NIX_PROFILES = /nix/var/nix/profiles/default /Users/andreasbigger/.nix-profile
# default
MAKE_VERSION := 3.81
# environment
USER = andreasbigger
# makefile
.DEFAULT_GOAL := all
# environment
rvm_version = 1.29.10 (latest)
# automatic
%D = $(patsubst %/,%,$(dir $%))
# environment
CONDA_SHLVL = 1
# default
MAKE_COMMAND := /Applications/Xcode.app/Contents/Developer/usr/bin/make
# environment
TERM_PROGRAM = Hyper
# default
.VARIABLES := 
# environment
TMPDIR = /var/folders/93/xhbf32ns6hlg6hc7rn0hvtqw0000gn/T/
# automatic
*F = $(notdir $*)
# environment
VSCODE_IPC_HOOK = /Users/andreasbigger/Library/Application Support/Code/1.60.2-main.sock
# makefile
MAKEFLAGS = Rrqp
# environment
MFLAGS = -Rrqp
# automatic
*D = $(patsubst %/,%,$(dir $*))
# environment
TERM_PROGRAM_VERSION = 3.1.3
# environment
NVM_DIR = /Users/andreasbigger/.nvm
# environment
XPC_SERVICE_NAME = 0
# automatic
+D = $(patsubst %/,%,$(dir $+))
# automatic
+F = $(notdir $+)
# environment
rvm_sdk = 
# environment
__CF_USER_TEXT_ENCODING = 0x1F5:0x0:0x0
# environment
COMMAND_MODE = unix2003
# default
MAKEFILES := 
# automatic
<F = $(notdir $<)
# environment
rvm_silent_flag = 
# environment
rvm_gemstone_url = 
# environment
ANDROID_SDK_ROOT = /Users/andreasbigger/Library/Android/sdk
# environment
LC_ALL = C
# environment
rvm_bin_flag = 
# environment
CONDA_PYTHON_EXE = /Users/andreasbigger/opt/anaconda3/bin/python
# environment
SECURITYSESSIONID = 186a5
# automatic
^F = $(notdir $^)
# environment
rvm_prefix = /Users/andreasbigger
# default
SUFFIXES := 
# environment
_CE_M = 
# environment
_CE_CONDA = 
# environment
rvm_ruby_file = 
# default
.INCLUDE_DIRS = /usr/local/include
# environment
MAKELEVEL := 0
# environment
CONDA_PREFIX = /Users/andreasbigger/opt/anaconda3
# environment
TERM = xterm-256color
# environment
rvm_use_flag = 
# environment
rvm_hook = 
# environment
STARSHIP_SHELL = zsh
# environment
LANG = C
# environment
rvm_nightly_flag = 
# variable set hash-table stats:
# Load=115/1024=11%, Rehash=0, Collisions=10/141=7%

# Pattern-specific Variable Values

# No pattern-specific variable values.

# Directories

# . (device 16777221, inode 102087257): 18 files, no impossibilities.

# 18 files, no impossibilities in 1 directories.

# Implicit Rules

# No implicit rules.

# Files

all:
#  Command-line target.
#  Implicit rule search has not been done.
#  Implicit/static pattern stem: `'
#  File does not exist.
#  File has been updated.
#  Needs to be updated (-q is set).
# automatic
# @ := all
# automatic
# % := 
# automatic
# * := 
# automatic
# + := 
# automatic
# | := 
# automatic
# < := 
# automatic
# ^ := 
# automatic
# ? := 
# variable set hash-table stats:
# Load=8/32=25%, Rehash=0, Collisions=1/10=10%
#  commands to execute (from `Makefile', line 1):
	dapp build
	

# Not a target:
.SUFFIXES:
#  Implicit rule search has not been done.
#  Modification time never checked.
#  File has not been updated.

# Not a target:
Makefile:
#  Implicit rule search has been done.
#  Last modified 2021-10-03 18:18:17
#  File has been updated.
#  Successfully updated.
# variable set hash-table stats:
# Load=0/32=0%, Rehash=0, Collisions=0/0=0%

test:
#  Implicit rule search has not been done.
#  Modification time never checked.
#  File has not been updated.
#  commands to execute (from `Makefile', line 3):
	dapp test
	

# Not a target:
.DEFAULT:
#  Implicit rule search has not been done.
#  Modification time never checked.
#  File has not been updated.

clean:
#  Implicit rule search has not been done.
#  Modification time never checked.
 
#  File has not been updated.
#  commands to execute (from `Makefile', line 2):
	dapp clean
	

deploy:
#  Implicit rule search has not been done.
#  Modification time never checked.
#  File has not been updated.
#  commands to execute (from `Makefile', line 4):
	dapp create NextjsChakraDapp
	

# files hash-table stats:
# Load=7/1024=1%, Rehash=0, Collisions=0/21=0%
# VPATH Search Paths

# No `vpath' search paths.

# No general (`VPATH' variable) search path.

# # of strings in strcache: 1
# # of strcache buffers: 1
# strcache size: total = 4096 / max = 4096 / min = 4096 / avg = 4096
# strcache free: total = 4087 / max = 4087 / min = 4087 / avg = 4087

# Finished Make data base on Sun Oct  3 18:18:45 2021

 
